TN:
SF:./app/app.js
FN:1,(anonymous_1)
FN:24,(anonymous_2)
FN:42,(anonymous_3)
FN:44,(anonymous_4)
FNF:4
FNH:1
FNDA:1,(anonymous_1)
FNDA:0,(anonymous_2)
FNDA:0,(anonymous_3)
FNDA:0,(anonymous_4)
DA:1,1
DA:3,1
DA:4,1
DA:25,0
DA:26,0
DA:27,0
DA:28,0
DA:31,1
DA:41,1
DA:43,0
DA:45,0
LF:11
LH:5
BRF:0
BRH:0
end_of_record
TN:
SF:./app/states/app-states.js
FN:13,(anonymous_1)
FNF:1
FNH:0
FNDA:0,(anonymous_1)
DA:10,1
DA:20,0
DA:41,0
LF:3
LH:1
BRF:0
BRH:0
end_of_record
TN:
SF:./app/components/busco/busco-controller.js
FN:4,(anonymous_1)
FN:5,(anonymous_2)
FN:10,(anonymous_3)
FN:14,(anonymous_4)
FN:19,(anonymous_5)
FN:28,(anonymous_6)
FN:32,(anonymous_7)
FN:33,(anonymous_8)
FN:47,(anonymous_9)
FN:192,(anonymous_10)
FN:199,(anonymous_11)
FN:205,(anonymous_12)
FN:207,(anonymous_13)
FN:213,(anonymous_14)
FN:217,(anonymous_15)
FN:221,(anonymous_16)
FNF:16
FNH:0
FNDA:0,(anonymous_1)
FNDA:0,(anonymous_2)
FNDA:0,(anonymous_3)
FNDA:0,(anonymous_4)
FNDA:0,(anonymous_5)
FNDA:0,(anonymous_6)
FNDA:0,(anonymous_7)
FNDA:0,(anonymous_8)
FNDA:0,(anonymous_9)
FNDA:0,(anonymous_10)
FNDA:0,(anonymous_11)
FNDA:0,(anonymous_12)
FNDA:0,(anonymous_13)
FNDA:0,(anonymous_14)
FNDA:0,(anonymous_15)
FNDA:0,(anonymous_16)
DA:3,1
DA:5,0
DA:6,0
DA:11,0
DA:14,0
DA:15,0
DA:16,0
DA:18,0
DA:19,0
DA:20,0
DA:23,0
DA:28,0
DA:29,0
DA:31,0
DA:33,0
DA:34,0
DA:38,0
DA:39,0
DA:40,0
DA:41,0
DA:43,0
DA:44,0
DA:45,0
DA:47,0
DA:48,0
DA:189,0
DA:192,0
DA:193,0
DA:200,0
DA:205,0
DA:206,0
DA:215,0
DA:217,0
DA:218,0
DA:221,0
DA:222,0
LF:36
LH:1
BRDA:15,1,0,0
BRDA:15,1,1,0
BRDA:20,2,0,0
BRDA:20,2,1,0
BRDA:20,3,0,0
BRDA:20,3,1,0
BRF:6
BRH:0
end_of_record
TN:
SF:./app/components/home/home-controller.js
FN:4,(anonymous_1)
FN:5,(anonymous_2)
FN:9,(anonymous_3)
FN:13,(anonymous_4)
FN:21,(anonymous_5)
FN:26,(anonymous_6)
FN:33,(anonymous_7)
FN:37,(anonymous_8)
FN:46,(anonymous_9)
FN:51,(anonymous_10)
FN:379,(anonymous_11)
FN:391,(anonymous_12)
FN:400,(anonymous_13)
FN:472,(anonymous_14)
FN:479,(anonymous_15)
FN:485,(anonymous_16)
FN:487,(anonymous_17)
FN:494,(anonymous_18)
FN:501,(anonymous_19)
FN:505,(anonymous_20)
FN:509,(anonymous_21)
FNF:21
FNH:0
FNDA:0,(anonymous_1)
FNDA:0,(anonymous_2)
FNDA:0,(anonymous_3)
FNDA:0,(anonymous_4)
FNDA:0,(anonymous_5)
FNDA:0,(anonymous_6)
FNDA:0,(anonymous_7)
FNDA:0,(anonymous_8)
FNDA:0,(anonymous_9)
FNDA:0,(anonymous_10)
FNDA:0,(anonymous_11)
FNDA:0,(anonymous_12)
FNDA:0,(anonymous_13)
FNDA:0,(anonymous_14)
FNDA:0,(anonymous_15)
FNDA:0,(anonymous_16)
FNDA:0,(anonymous_17)
FNDA:0,(anonymous_18)
FNDA:0,(anonymous_19)
FNDA:0,(anonymous_20)
FNDA:0,(anonymous_21)
DA:3,1
DA:5,0
DA:6,0
DA:9,0
DA:10,0
DA:14,0
DA:15,0
DA:20,0
DA:21,0
DA:22,0
DA:26,0
DA:27,0
DA:28,0
DA:30,0
DA:33,0
DA:34,0
DA:37,0
DA:38,0
DA:40,0
DA:42,0
DA:45,0
DA:47,0
DA:48,0
DA:49,0
DA:51,0
DA:52,0
DA:376,0
DA:379,0
DA:380,0
DA:381,0
DA:384,0
DA:385,0
DA:386,0
DA:391,0
DA:392,0
DA:395,0
DA:400,0
DA:402,0
DA:403,0
DA:404,0
DA:407,0
DA:408,0
DA:410,0
DA:414,0
DA:415,0
DA:419,0
DA:421,0
DA:426,0
DA:427,0
DA:431,0
DA:433,0
DA:438,0
DA:439,0
DA:443,0
DA:445,0
DA:450,0
DA:451,0
DA:455,0
DA:457,0
DA:461,0
DA:462,0
DA:469,0
DA:472,0
DA:473,0
DA:480,0
DA:485,0
DA:486,0
DA:493,0
DA:495,0
DA:496,0
DA:497,0
DA:498,0
DA:503,0
DA:505,0
DA:506,0
DA:509,0
DA:510,0
LF:77
LH:1
BRDA:27,1,0,0
BRDA:27,1,1,0
BRDA:38,2,0,0
BRDA:38,2,1,0
BRDA:385,3,0,0
BRDA:385,3,1,0
BRDA:385,4,0,0
BRDA:385,4,1,0
BRDA:392,5,0,0
BRDA:392,5,1,0
BRDA:392,6,0,0
BRDA:392,6,1,0
BRDA:402,7,0,0
BRDA:402,7,1,0
BRDA:407,8,0,0
BRDA:407,8,1,0
BRDA:407,9,0,0
BRDA:407,9,1,0
BRDA:414,10,0,0
BRDA:414,10,1,0
BRDA:414,11,0,0
BRDA:414,11,1,0
BRDA:415,12,0,0
BRDA:415,12,1,0
BRDA:426,13,0,0
BRDA:426,13,1,0
BRDA:426,14,0,0
BRDA:426,14,1,0
BRDA:427,15,0,0
BRDA:427,15,1,0
BRDA:438,16,0,0
BRDA:438,16,1,0
BRDA:438,17,0,0
BRDA:438,17,1,0
BRDA:439,18,0,0
BRDA:439,18,1,0
BRDA:450,19,0,0
BRDA:450,19,1,0
BRDA:450,20,0,0
BRDA:450,20,1,0
BRDA:451,21,0,0
BRDA:451,21,1,0
BRDA:461,22,0,0
BRDA:461,22,1,0
BRF:44
BRH:0
end_of_record
TN:
SF:./app/components/nuevo/nuevo-controller.js
FN:4,(anonymous_1)
FN:12,(anonymous_2)
FN:20,(anonymous_3)
FN:24,(anonymous_4)
FN:30,(anonymous_5)
FN:48,(anonymous_6)
FN:59,(anonymous_7)
FN:79,(anonymous_8)
FN:90,(anonymous_9)
FN:99,(anonymous_10)
FN:110,(anonymous_11)
FNF:11
FNH:0
FNDA:0,(anonymous_1)
FNDA:0,(anonymous_2)
FNDA:0,(anonymous_3)
FNDA:0,(anonymous_4)
FNDA:0,(anonymous_5)
FNDA:0,(anonymous_6)
FNDA:0,(anonymous_7)
FNDA:0,(anonymous_8)
FNDA:0,(anonymous_9)
FNDA:0,(anonymous_10)
FNDA:0,(anonymous_11)
DA:3,1
DA:5,0
DA:6,0
DA:9,0
DA:11,0
DA:13,0
DA:14,0
DA:15,0
DA:16,0
DA:19,0
DA:21,0
DA:24,0
DA:25,0
DA:30,0
DA:31,0
DA:34,0
DA:36,0
DA:39,0
DA:43,0
DA:44,0
DA:48,0
DA:50,0
DA:52,0
DA:54,0
DA:56,0
DA:59,0
DA:60,0
DA:61,0
DA:62,0
DA:63,0
DA:64,0
DA:67,0
DA:68,0
DA:70,0
DA:71,0
DA:73,0
DA:79,0
DA:80,0
DA:91,0
DA:92,0
DA:100,0
DA:101,0
DA:103,0
DA:110,0
DA:111,0
DA:112,0
DA:113,0
DA:115,0
LF:48
LH:1
BRDA:34,1,0,0
BRDA:34,1,1,0
BRDA:63,2,0,0
BRDA:63,2,1,0
BRDA:67,3,0,0
BRDA:67,3,1,0
BRDA:70,4,0,0
BRDA:70,4,1,0
BRDA:70,5,0,0
BRDA:70,5,1,0
BRDA:70,5,2,0
BRDA:91,6,0,0
BRDA:91,6,1,0
BRDA:100,7,0,0
BRDA:100,7,1,0
BRDA:111,8,0,0
BRDA:111,8,1,0
BRF:17
BRH:0
end_of_record
